2019-05-16 04:14:35,087 DEBUG    root            Loaded Command Group: [u'gcloud', u'config']
2019-05-16 04:14:35,089 DEBUG    root            Loaded Command Group: [u'gcloud', u'config', u'config_helper']
2019-05-16 04:14:35,092 DEBUG    root            Running [gcloud.config.config-helper] with arguments: [--format: "json"]
2019-05-16 04:14:35,103 INFO     root            Display format: "default json"
2019-05-16 04:14:35,104 INFO     ___FILE_ONLY___ {
  "configuration": {
    "active_configuration": "default",
    "properties": {
      "core": {
        "account": "suchit23@gmail.com",
        "disable_usage_reporting": "True",
        "project": "sp-devops"
      }
    }
  },
  "credential": {
    "access_token": "ya29.GlwLB6rkQ-vaFvNz9_hu-OvgD0Cv0YyzOSxWDGPX-ZZRcGdr8Yb1JzYziZo2no-vsTcb_67jc1PCT4jKaxpYZWEyzW8GKkoqA7WEcL6ra969e_DzvPYu3Dj7zsupiA",
    "token_expiry": "2019-05-16T05:14:34Z"
  },
  "sentinels": {
    "config_sentinel": "/root/.config/gcloud/config_sentinel"
  }
}
2019-05-16 04:14:35,104 INFO     ___FILE_ONLY___ 

2019-05-16 04:14:35,108 DEBUG    root            SDK update checks are disabled.
