2019-05-16 05:46:09,521 DEBUG    root            Loaded Command Group: [u'gcloud', u'config']
2019-05-16 05:46:09,523 DEBUG    root            Loaded Command Group: [u'gcloud', u'config', u'config_helper']
2019-05-16 05:46:09,526 DEBUG    root            Running [gcloud.config.config-helper] with arguments: [--format: "json"]
2019-05-16 05:46:09,541 INFO     oauth2client.client Refreshing access_token
2019-05-16 05:46:09,600 INFO     root            Display format: "default json"
2019-05-16 05:46:09,601 INFO     ___FILE_ONLY___ {
  "configuration": {
    "active_configuration": "default",
    "properties": {
      "core": {
        "account": "suchit23@gmail.com",
        "disable_usage_reporting": "True",
        "project": "sp-devops"
      }
    }
  },
  "credential": {
    "access_token": "ya29.GlwLB693KvLHxumngMB0e9V4p2xYQP-eMz0iDUw73MLtm1U2_fHwSQlLz5LHxjY-lMGUqXuOyv3W193woGj8epqpifMFeHbHdxiL9CysZr1qWOWAtgyn-yrowwF8Ag",
    "token_expiry": "2019-05-16T06:46:09Z"
  },
  "sentinels": {
    "config_sentinel": "/root/.config/gcloud/config_sentinel"
  }
}
2019-05-16 05:46:09,602 INFO     ___FILE_ONLY___ 

2019-05-16 05:46:09,603 DEBUG    root            SDK update checks are disabled.
