2019-05-15 10:52:01,196 ERROR    root            (gcloud) Command name argument expected.
2019-05-15 10:52:01,226 DEBUG    root            No implementation for release track [GA] for element: [/usr/lib/google-cloud-sdk/lib/surface/tasks]
2019-05-15 10:52:01,240 DEBUG    root            Loaded Command Group: [u'gcloud', u'feedback']
2019-05-15 10:52:01,265 DEBUG    root            Loaded Command Group: [u'gcloud', u'app']
2019-05-15 10:52:01,284 DEBUG    root            No implementation for release track [GA] for element: [/usr/lib/google-cloud-sdk/lib/surface/access_context_manager]
2019-05-15 10:52:01,301 DEBUG    root            Loaded Command Group: [u'gcloud', u'services']
2019-05-15 10:52:01,304 DEBUG    root            Loaded Command Group: [u'gcloud', u'meta']
2019-05-15 10:52:01,309 DEBUG    root            Loaded Command Group: [u'gcloud', u'composer']
2019-05-15 10:52:01,312 DEBUG    root            Loaded Command Group: [u'gcloud', u'datastore']
2019-05-15 10:52:01,316 DEBUG    root            Loaded Command Group: [u'gcloud', u'help']
2019-05-15 10:52:01,323 DEBUG    root            Loaded Command Group: [u'gcloud', u'iam']
2019-05-15 10:52:01,330 DEBUG    root            No implementation for release track [GA] for element: [/usr/lib/google-cloud-sdk/lib/surface/genomics]
2019-05-15 10:52:01,333 DEBUG    root            Loaded Command Group: [u'gcloud', u'functions']
2019-05-15 10:52:01,352 DEBUG    root            Loaded Command Group: [u'gcloud', u'container']
2019-05-15 10:52:01,380 DEBUG    root            No implementation for release track [GA] for element: [/usr/lib/google-cloud-sdk/lib/surface/billing]
2019-05-15 10:52:01,405 DEBUG    root            No implementation for release track [GA] for element: [/usr/lib/google-cloud-sdk/lib/surface/redis]
2019-05-15 10:52:01,406 DEBUG    root            Loaded Command Group: [u'gcloud', u'source']
2019-05-15 10:52:01,450 DEBUG    root            Loaded Command Group: [u'gcloud', u'init']
2019-05-15 10:52:01,453 DEBUG    root            No implementation for release track [GA] for element: [/usr/lib/google-cloud-sdk/lib/surface/dlp]
2019-05-15 10:52:01,454 DEBUG    root            Loaded Command Group: [u'gcloud', u'kms']
2019-05-15 10:52:01,458 DEBUG    root            No implementation for release track [GA] for element: [/usr/lib/google-cloud-sdk/lib/surface/bigtable]
2019-05-15 10:52:01,460 DEBUG    root            Loaded Command Group: [u'gcloud', u'dns']
2019-05-15 10:52:01,465 DEBUG    root            Loaded Command Group: [u'gcloud', u'config']
2019-05-15 10:52:01,489 DEBUG    root            No implementation for release track [GA] for element: [/usr/lib/google-cloud-sdk/lib/surface/resources]
2019-05-15 10:52:01,494 DEBUG    root            No implementation for release track [GA] for element: [/usr/lib/google-cloud-sdk/lib/surface/cloud_shell]
2019-05-15 10:52:01,495 DEBUG    root            Loaded Command Group: [u'gcloud', u'info']
2019-05-15 10:52:01,717 DEBUG    root            No implementation for release track [GA] for element: [/usr/lib/google-cloud-sdk/lib/surface/interactive]
2019-05-15 10:52:01,741 DEBUG    root            Loaded Command Group: [u'gcloud', u'components']
2019-05-15 10:52:01,746 DEBUG    root            Loaded Command Group: [u'gcloud', u'organizations']
2019-05-15 10:52:01,749 DEBUG    root            Loaded Command Group: [u'gcloud', u'dataproc']
2019-05-15 10:52:01,825 DEBUG    root            Loaded Command Group: [u'gcloud', u'ml_engine']
2019-05-15 10:52:01,831 DEBUG    root            Loaded Command Group: [u'gcloud', u'iot']
2019-05-15 10:52:01,833 DEBUG    root            No implementation for release track [GA] for element: [/usr/lib/google-cloud-sdk/lib/surface/emulators]
2019-05-15 10:52:01,834 DEBUG    root            Loaded Command Group: [u'gcloud', u'auth']
2019-05-15 10:52:01,871 DEBUG    root            Loaded Command Group: [u'gcloud', u'debug']
2019-05-15 10:52:01,875 DEBUG    root            Loaded Command Group: [u'gcloud', u'firebase']
2019-05-15 10:52:01,878 DEBUG    root            No implementation for release track [GA] for element: [/usr/lib/google-cloud-sdk/lib/surface/category_manager]
2019-05-15 10:52:01,878 DEBUG    root            No implementation for release track [GA] for element: [/usr/lib/google-cloud-sdk/lib/surface/scheduler]
2019-05-15 10:52:01,880 DEBUG    root            Loaded Command Group: [u'gcloud', u'sql']
2019-05-15 10:52:01,888 DEBUG    root            Loaded Command Group: [u'gcloud', u'spanner']
2019-05-15 10:52:01,897 DEBUG    root            No implementation for release track [GA] for element: [/usr/lib/google-cloud-sdk/lib/surface/monitoring]
2019-05-15 10:52:01,898 DEBUG    root            Loaded Command Group: [u'gcloud', u'version']
2019-05-15 10:52:01,928 DEBUG    root            Loaded Command Group: [u'gcloud', u'projects']
2019-05-15 10:52:01,931 DEBUG    root            No implementation for release track [GA] for element: [/usr/lib/google-cloud-sdk/lib/surface/resource_manager]
2019-05-15 10:52:01,932 DEBUG    root            Loaded Command Group: [u'gcloud', u'topic']
2019-05-15 10:52:01,935 DEBUG    root            Loaded Command Group: [u'gcloud', u'logging']
2019-05-15 10:52:01,941 DEBUG    root            Loaded Command Group: [u'gcloud', u'builds']
2019-05-15 10:52:01,943 DEBUG    root            Loaded Command Group: [u'gcloud', u'service_management']
2019-05-15 10:52:01,946 DEBUG    root            Loaded Command Group: [u'gcloud', u'dataflow']
2019-05-15 10:52:01,950 DEBUG    root            Loaded Command Group: [u'gcloud', u'ml']
2019-05-15 10:52:01,956 DEBUG    root            No implementation for release track [GA] for element: [/usr/lib/google-cloud-sdk/lib/surface/runtime_config]
2019-05-15 10:52:01,961 DEBUG    root            No implementation for release track [GA] for element: [/usr/lib/google-cloud-sdk/lib/surface/search_help]
2019-05-15 10:52:01,963 DEBUG    root            No implementation for release track [GA] for element: [/usr/lib/google-cloud-sdk/lib/surface/error_reporting]
2019-05-15 10:52:01,964 DEBUG    root            Loaded Command Group: [u'gcloud', u'domains']
2019-05-15 10:52:01,966 DEBUG    root            No implementation for release track [GA] for element: [/usr/lib/google-cloud-sdk/lib/surface/filestore]
2019-05-15 10:52:02,001 DEBUG    root            Loaded Command Group: [u'gcloud', u'docker']
2019-05-15 10:52:02,003 DEBUG    root            Loaded Command Group: [u'gcloud', u'endpoints']
2019-05-15 10:52:02,007 DEBUG    root            Loaded Command Group: [u'gcloud', u'pubsub']
2019-05-15 10:52:02,036 DEBUG    root            Loaded Command Group: [u'gcloud', u'deployment_manager']
