2019-05-15 10:58:53,853 DEBUG    root            Loaded Command Group: [u'gcloud', u'compute', u'instances']
2019-05-15 10:58:53,875 DEBUG    root            Loaded Command Group: [u'gcloud', u'compute', u'instances', u'list']
2019-05-15 10:58:53,879 DEBUG    root            Running [gcloud.compute.instances.list] with arguments: []
2019-05-15 10:58:54,383 INFO     root            Display format: "    table(
      name,
      zone.basename(),
      machineType.machine_type().basename(),
      scheduling.preemptible.yesno(yes=true, no=''),
      networkInterfaces[].networkIP.notnull().list():label=INTERNAL_IP,
      networkInterfaces[].accessConfigs[0].natIP.notnull().list()      :label=EXTERNAL_IP,
      status
    )"
2019-05-15 10:58:54,943 INFO     root            cache collection=compute.instances api_version=v1 params=[u'project', u'zone', u'instance']
2019-05-15 10:58:54,966 INFO     ___FILE_ONLY___ NAME
2019-05-15 10:58:54,966 INFO     ___FILE_ONLY___            
2019-05-15 10:58:54,966 INFO     ___FILE_ONLY___ ZONE
2019-05-15 10:58:54,966 INFO     ___FILE_ONLY___           
2019-05-15 10:58:54,966 INFO     ___FILE_ONLY___ MACHINE_TYPE
2019-05-15 10:58:54,966 INFO     ___FILE_ONLY___    
2019-05-15 10:58:54,966 INFO     ___FILE_ONLY___ PREEMPTIBLE
2019-05-15 10:58:54,966 INFO     ___FILE_ONLY___   
2019-05-15 10:58:54,967 INFO     ___FILE_ONLY___ INTERNAL_IP
2019-05-15 10:58:54,967 INFO     ___FILE_ONLY___   
2019-05-15 10:58:54,967 INFO     ___FILE_ONLY___ EXTERNAL_IP
2019-05-15 10:58:54,967 INFO     ___FILE_ONLY___      
2019-05-15 10:58:54,967 INFO     ___FILE_ONLY___ STATUS
2019-05-15 10:58:54,967 INFO     ___FILE_ONLY___ 

2019-05-15 10:58:54,967 INFO     ___FILE_ONLY___ sp-instance-1
2019-05-15 10:58:54,968 INFO     ___FILE_ONLY___   
2019-05-15 10:58:54,968 INFO     ___FILE_ONLY___ asia-east1-b
2019-05-15 10:58:54,968 INFO     ___FILE_ONLY___   
2019-05-15 10:58:54,968 INFO     ___FILE_ONLY___ g1-small
2019-05-15 10:58:54,968 INFO     ___FILE_ONLY___                     
2019-05-15 10:58:54,968 INFO     ___FILE_ONLY___ 10.140.0.2
2019-05-15 10:58:54,968 INFO     ___FILE_ONLY___    
2019-05-15 10:58:54,968 INFO     ___FILE_ONLY___ 34.80.43.90
2019-05-15 10:58:54,968 INFO     ___FILE_ONLY___      
2019-05-15 10:58:54,968 INFO     ___FILE_ONLY___ RUNNING
2019-05-15 10:58:54,968 INFO     ___FILE_ONLY___ 

2019-05-15 10:58:54,968 INFO     ___FILE_ONLY___ sp-instance-2
2019-05-15 10:58:54,969 INFO     ___FILE_ONLY___   
2019-05-15 10:58:54,969 INFO     ___FILE_ONLY___ asia-east1-b
2019-05-15 10:58:54,969 INFO     ___FILE_ONLY___   
2019-05-15 10:58:54,969 INFO     ___FILE_ONLY___ n1-standard-1
2019-05-15 10:58:54,969 INFO     ___FILE_ONLY___                
2019-05-15 10:58:54,969 INFO     ___FILE_ONLY___ 10.140.0.3
2019-05-15 10:58:54,969 INFO     ___FILE_ONLY___    
2019-05-15 10:58:54,969 INFO     ___FILE_ONLY___ 35.234.25.142
2019-05-15 10:58:54,969 INFO     ___FILE_ONLY___    
2019-05-15 10:58:54,969 INFO     ___FILE_ONLY___ RUNNING
2019-05-15 10:58:54,969 INFO     ___FILE_ONLY___ 

2019-05-15 10:58:54,969 INFO     ___FILE_ONLY___ sp-instance-3
2019-05-15 10:58:54,970 INFO     ___FILE_ONLY___   
2019-05-15 10:58:54,970 INFO     ___FILE_ONLY___ asia-east1-b
2019-05-15 10:58:54,970 INFO     ___FILE_ONLY___   
2019-05-15 10:58:54,970 INFO     ___FILE_ONLY___ n1-standard-1
2019-05-15 10:58:54,970 INFO     ___FILE_ONLY___                
2019-05-15 10:58:54,970 INFO     ___FILE_ONLY___ 10.140.0.4
2019-05-15 10:58:54,970 INFO     ___FILE_ONLY___    
2019-05-15 10:58:54,970 INFO     ___FILE_ONLY___ 35.229.152.202
2019-05-15 10:58:54,970 INFO     ___FILE_ONLY___   
2019-05-15 10:58:54,970 INFO     ___FILE_ONLY___ RUNNING
2019-05-15 10:58:54,970 INFO     ___FILE_ONLY___ 

2019-05-15 10:58:54,972 DEBUG    root            SDK update checks are disabled.
