2019-05-15 11:09:12,594 DEBUG    root            Loaded Command Group: [u'gcloud', u'container']
2019-05-15 11:09:12,597 DEBUG    root            Loaded Command Group: [u'gcloud', u'container', u'clusters']
2019-05-15 11:09:12,600 DEBUG    root            Loaded Command Group: [u'gcloud', u'container', u'clusters', u'create']
2019-05-15 11:09:12,671 DEBUG    root            Running [gcloud.container.clusters.create] with arguments: [--zone: "asia-east1-b", NAME: "k8s-cluster"]
2019-05-15 11:09:12,676 WARNING  root            Accessing a Kubernetes Engine cluster requires the kubernetes commandline
client [kubectl]. To install, run
  $ gcloud components install kubectl

2019-05-15 11:09:12,678 WARNING  root            Starting in 1.12, new clusters will have basic authentication disabled by default. Basic authentication can be enabled (or disabled) manually using the `--[no-]enable-basic-auth` flag.
2019-05-15 11:09:12,679 WARNING  root            Starting in 1.12, new clusters will not have a client certificate issued. You can manually enable (or disable) the issuance of the client certificate using the `--[no-]issue-client-certificate` flag.
2019-05-15 11:09:12,679 WARNING  root            Currently VPC-native is not the default mode during cluster creation. In the future, this will become the default mode and can be disabled using `--no-enable-ip-alias` flag. Use `--[no-]enable-ip-alias` flag to suppress this warning.
2019-05-15 11:09:12,680 INFO     ___FILE_ONLY___ This will enable the autorepair feature for nodes. Please see
https://cloud.google.com/kubernetes-engine/docs/node-auto-repair for more
information on node autorepairs.


2019-05-15 11:09:12,680 WARNING  root            Starting in Kubernetes v1.10, new clusters will no longer get compute-rw and storage-ro scopes added to what is specified in --scopes (though the latter will remain included in the default --scopes). To use these scopes, add them explicitly to --scopes. To use the new behavior, set container/new_scopes_behavior property (gcloud config set container/new_scopes_behavior true).
2019-05-15 11:09:17,133 INFO     ___FILE_ONLY___ Creating cluster k8s-cluster...
2019-05-15 11:12:03,341 INFO     root            Operation <Operation
 endTime: u'2019-05-15T11:11:58.76805976Z'
 name: u'operation-1557918557109-fcb6d9a7'
 operationType: OperationTypeValueValuesEnum(CREATE_CLUSTER, 1)
 selfLink: u'https://container.googleapis.com/v1/projects/412704371938/zones/asia-east1-b/operations/operation-1557918557109-fcb6d9a7'
 startTime: u'2019-05-15T11:09:17.109818899Z'
 status: StatusValueValuesEnum(DONE, 3)
 targetLink: u'https://container.googleapis.com/v1/projects/412704371938/zones/asia-east1-b/clusters/k8s-cluster'
 zone: u'asia-east1-b'> succeeded after 166.207 seconds
2019-05-15 11:12:03,418 INFO     ___FILE_ONLY___ Created [https://container.googleapis.com/v1/projects/sp-devops/zones/asia-east1-b/clusters/k8s-cluster].

2019-05-15 11:12:03,419 INFO     ___FILE_ONLY___ To inspect the contents of your cluster, go to: https://console.cloud.google.com/kubernetes/workload_/gcloud/asia-east1-b/k8s-cluster?project=sp-devops

2019-05-15 11:12:03,420 DEBUG    root            unable to load default kubeconfig: unable to load kubeconfig for /root/.kube/config: Unable to read file [/root/.kube/config]: [Errno 2] No such file or directory: '/root/.kube/config'; recreating /root/.kube/config
2019-05-15 11:12:03,438 DEBUG    root            Saved kubeconfig to /root/.kube/config
2019-05-15 11:12:03,439 INFO     ___FILE_ONLY___ kubeconfig entry generated for k8s-cluster.

2019-05-15 11:12:03,441 INFO     root            Display format: "
    table(
        name,
        zone:label=LOCATION,
        master_version():label=MASTER_VERSION,
        endpoint:label=MASTER_IP,
        nodePools[0].config.machineType,
        currentNodeVersion:label=NODE_VERSION,
        firstof(currentNodeCount,initialNodeCount):label=NUM_NODES,
        status
    )
"
2019-05-15 11:12:03,444 INFO     ___FILE_ONLY___ NAME
2019-05-15 11:12:03,444 INFO     ___FILE_ONLY___          
2019-05-15 11:12:03,444 INFO     ___FILE_ONLY___ LOCATION
2019-05-15 11:12:03,444 INFO     ___FILE_ONLY___       
2019-05-15 11:12:03,444 INFO     ___FILE_ONLY___ MASTER_VERSION
2019-05-15 11:12:03,444 INFO     ___FILE_ONLY___   
2019-05-15 11:12:03,444 INFO     ___FILE_ONLY___ MASTER_IP
2019-05-15 11:12:03,445 INFO     ___FILE_ONLY___        
2019-05-15 11:12:03,445 INFO     ___FILE_ONLY___ MACHINE_TYPE
2019-05-15 11:12:03,445 INFO     ___FILE_ONLY___    
2019-05-15 11:12:03,445 INFO     ___FILE_ONLY___ NODE_VERSION
2019-05-15 11:12:03,445 INFO     ___FILE_ONLY___   
2019-05-15 11:12:03,445 INFO     ___FILE_ONLY___ NUM_NODES
2019-05-15 11:12:03,445 INFO     ___FILE_ONLY___   
2019-05-15 11:12:03,445 INFO     ___FILE_ONLY___ STATUS
2019-05-15 11:12:03,445 INFO     ___FILE_ONLY___ 

2019-05-15 11:12:03,445 INFO     ___FILE_ONLY___ k8s-cluster
2019-05-15 11:12:03,445 INFO     ___FILE_ONLY___   
2019-05-15 11:12:03,446 INFO     ___FILE_ONLY___ asia-east1-b
2019-05-15 11:12:03,446 INFO     ___FILE_ONLY___   
2019-05-15 11:12:03,446 INFO     ___FILE_ONLY___ 1.11.8-gke.6
2019-05-15 11:12:03,446 INFO     ___FILE_ONLY___     
2019-05-15 11:12:03,446 INFO     ___FILE_ONLY___ 35.221.199.224
2019-05-15 11:12:03,446 INFO     ___FILE_ONLY___   
2019-05-15 11:12:03,446 INFO     ___FILE_ONLY___ n1-standard-1
2019-05-15 11:12:03,446 INFO     ___FILE_ONLY___   
2019-05-15 11:12:03,446 INFO     ___FILE_ONLY___ 1.11.8-gke.6
2019-05-15 11:12:03,446 INFO     ___FILE_ONLY___   
2019-05-15 11:12:03,446 INFO     ___FILE_ONLY___ 3
2019-05-15 11:12:03,446 INFO     ___FILE_ONLY___           
2019-05-15 11:12:03,446 INFO     ___FILE_ONLY___ RUNNING
2019-05-15 11:12:03,447 INFO     ___FILE_ONLY___ 

2019-05-15 11:12:03,447 DEBUG    root            SDK update checks are disabled.
